2024-05-08 16:31:52.879 [main] INFO  com.example.demo.LogApplication - Starting LogApplication using Java 17.0.10 with PID 10680 (C:\Users\nishanth.s\Documents\Java Workspace\Log\target\classes started by nishanth.s in C:\Users\nishanth.s\Documents\Java Workspace\Log)
2024-05-08 16:31:52.895 [main] INFO  com.example.demo.LogApplication - No active profile set, falling back to 1 default profile: "default"
2024-05-08 16:31:53.725 [main] INFO  org.springframework.boot.web.embedded.tomcat.TomcatWebServer - Tomcat initialized with port 8080 (http)
2024-05-08 16:31:53.736 [main] INFO  org.apache.coyote.http11.Http11NioProtocol - Initializing ProtocolHandler ["http-nio-8080"]
2024-05-08 16:31:53.739 [main] INFO  org.apache.catalina.core.StandardService - Starting service [Tomcat]
2024-05-08 16:31:53.740 [main] INFO  org.apache.catalina.core.StandardEngine - Starting Servlet engine: [Apache Tomcat/10.1.20]
2024-05-08 16:31:53.793 [main] INFO  org.apache.catalina.core.ContainerBase.[Tomcat].[localhost].[/] - Initializing Spring embedded WebApplicationContext
2024-05-08 16:31:53.793 [main] INFO  org.springframework.boot.web.servlet.context.ServletWebServerApplicationContext - Root WebApplicationContext: initialization completed in 848 ms
2024-05-08 16:31:54.100 [main] INFO  org.apache.coyote.http11.Http11NioProtocol - Starting ProtocolHandler ["http-nio-8080"]
2024-05-08 16:31:54.138 [main] INFO  org.springframework.boot.web.embedded.tomcat.TomcatWebServer - Tomcat started on port 8080 (http) with context path ''
2024-05-08 16:31:54.148 [main] INFO  com.example.demo.LogApplication - Started LogApplication in 1.637 seconds (process running for 2.675)
2024-05-08 16:32:14.242 [http-nio-8080-exec-1] INFO  org.apache.catalina.core.ContainerBase.[Tomcat].[localhost].[/] - Initializing Spring DispatcherServlet 'dispatcherServlet'
2024-05-08 16:32:14.243 [http-nio-8080-exec-1] INFO  org.springframework.web.servlet.DispatcherServlet - Initializing Servlet 'dispatcherServlet'
2024-05-08 16:32:14.245 [http-nio-8080-exec-1] INFO  org.springframework.web.servlet.DispatcherServlet - Completed initialization in 1 ms
2024-05-08 16:32:14.290 [http-nio-8080-exec-1] INFO  com.example.demo.log.Log4j - Log is present
2024-05-08 16:32:14.290 [http-nio-8080-exec-1] DEBUG com.example.demo.log.Log4j - Debug is Working now
2024-05-08 16:32:16.170 [http-nio-8080-exec-2] INFO  com.example.demo.log.Log4j - Log is present
2024-05-08 16:32:16.170 [http-nio-8080-exec-2] DEBUG com.example.demo.log.Log4j - Debug is Working now
2024-05-08 16:33:33.401 [RMI TCP Connection(4)-127.0.0.1] INFO  org.springframework.boot.admin.SpringApplicationAdminMXBeanRegistrar$SpringApplicationAdmin - Application shutdown requested.
2024-05-08 16:33:33.413 [RMI TCP Connection(4)-127.0.0.1] INFO  org.apache.coyote.http11.Http11NioProtocol - Stopping ProtocolHandler ["http-nio-8080"]
